c:\git\gameframework2d\src\gf2d\release\vc120.pdb
c:\git\gameframework2d\src\gf2d\release\gf2d_sprite.obj
c:\git\gameframework2d\src\gf2d\release\gf2d_graphics.obj
c:\git\gameframework2d\src\gf2d\release\gf2d_draw.obj
c:\git\gameframework2d\src\gf2d\release\game.obj
c:\git\gameframework2d\src\gf2d\release\gfc_vector.obj
c:\git\gameframework2d\src\gf2d\release\gfc_types.obj
c:\git\gameframework2d\src\gf2d\release\gfc_text.obj
c:\git\gameframework2d\src\gf2d\release\gfc_matrix.obj
c:\git\gameframework2d\src\gf2d\release\gfc_list.obj
c:\git\gameframework2d\src\gf2d\release\gfc_input.obj
c:\git\gameframework2d\src\gf2d\release\gfc_callbacks.obj
c:\git\gameframework2d\src\gf2d\release\gfc_audio.obj
c:\git\gameframework2d\src\gf2d\release\simple_logger.obj
c:\git\gameframework2d\src\gf2d\release\simple_json_string.obj
c:\git\gameframework2d\src\gf2d\release\simple_json_parse.obj
c:\git\gameframework2d\src\gf2d\release\simple_json_object.obj
c:\git\gameframework2d\src\gf2d\release\simple_json_list.obj
c:\git\gameframework2d\src\gf2d\release\simple_json_error.obj
c:\git\gameframework2d\src\gf2d\release\simple_json_array.obj
c:\git\gameframework2d\src\gf2d\release\simple_json.obj
c:\git\gameframework2d\src\gf2d\release\shape.obj
c:\git\gameframework2d\src\gf2d\release\gf2d_color.obj
c:\git\gameframework2d\gf2d.exe
c:\git\gameframework2d\gf2d.pdb
c:\git\gameframework2d\src\gf2d\release\gf2d.tlog\cl.command.1.tlog
c:\git\gameframework2d\src\gf2d\release\gf2d.tlog\cl.read.1.tlog
c:\git\gameframework2d\src\gf2d\release\gf2d.tlog\cl.write.1.tlog
c:\git\gameframework2d\src\gf2d\release\gf2d.tlog\link.command.1.tlog
c:\git\gameframework2d\src\gf2d\release\gf2d.tlog\link.read.1.tlog
c:\git\gameframework2d\src\gf2d\release\gf2d.tlog\link.write.1.tlog
